<?xml version="1.0" encoding="UTF-8"?>
<testsuite name="com.week4.lucas.LucasApplicationTests" tests="1" skipped="0" failures="0" errors="0" timestamp="2025-11-24T08:27:40.974Z" hostname="10.nate.com" time="0.278">
  <properties/>
  <testcase name="contextLoads()" classname="com.week4.lucas.LucasApplicationTests" time="0.278"/>
  <system-out><![CDATA[17:27:38.115 [Test worker] INFO org.springframework.test.context.support.AnnotationConfigContextLoaderUtils -- Could not detect default configuration classes for test class [com.week4.lucas.LucasApplicationTests]: LucasApplicationTests does not declare any static, non-private, non-final, nested classes annotated with @Configuration.
17:27:38.167 [Test worker] INFO org.springframework.boot.test.context.SpringBootTestContextBootstrapper -- Found @SpringBootConfiguration com.week4.lucas.LucasApplication for test class com.week4.lucas.LucasApplicationTests

  .   ____          _            __ _ _
 /\\ / ___'_ __ _ _(_)_ __  __ _ \ \ \ \
( ( )\___ | '_ | '_| | '_ \/ _` | \ \ \ \
 \\/  ___)| |_)| | | | | || (_| |  ) ) ) )
  '  |____| .__|_| |_|_| |_\__, | / / / /
 =========|_|==============|___/=/_/_/_/

 :: Spring Boot ::                (v3.5.6)

2025-11-24T17:27:38.345+09:00  INFO 87832 --- [lucas] [    Test worker] com.week4.lucas.LucasApplicationTests    : Starting LucasApplicationTests using Java 17.0.16 with PID 87832 (started by kimdonghyuk in /Users/kimdonghyuk/Downloads/lucas/KTB3-Lucas-Full/week4)
2025-11-24T17:27:38.347+09:00  INFO 87832 --- [lucas] [    Test worker] com.week4.lucas.LucasApplicationTests    : No active profile set, falling back to 1 default profile: "default"
2025-11-24T17:27:38.653+09:00  INFO 87832 --- [lucas] [    Test worker] .s.d.r.c.RepositoryConfigurationDelegate : Multiple Spring Data modules found, entering strict repository configuration mode
2025-11-24T17:27:38.653+09:00  INFO 87832 --- [lucas] [    Test worker] .s.d.r.c.RepositoryConfigurationDelegate : Bootstrapping Spring Data Redis repositories in DEFAULT mode.
2025-11-24T17:27:38.711+09:00  INFO 87832 --- [lucas] [    Test worker] .s.d.r.c.RepositoryConfigurationDelegate : Finished Spring Data repository scanning in 49 ms. Found 1 Redis repository interface.
2025-11-24T17:27:38.829+09:00  INFO 87832 --- [lucas] [    Test worker] .s.d.r.c.RepositoryConfigurationDelegate : Multiple Spring Data modules found, entering strict repository configuration mode
2025-11-24T17:27:38.830+09:00  INFO 87832 --- [lucas] [    Test worker] .s.d.r.c.RepositoryConfigurationDelegate : Bootstrapping Spring Data JPA repositories in DEFAULT mode.
2025-11-24T17:27:38.846+09:00  INFO 87832 --- [lucas] [    Test worker] .RepositoryConfigurationExtensionSupport : Spring Data JPA - Could not safely identify store assignment for repository candidate interface com.week4.lucas.redis.repository.RedisRefreshTokenRepository; If you want this repository to be a JPA repository, consider annotating your entities with one of these annotations: jakarta.persistence.Entity, jakarta.persistence.MappedSuperclass (preferred), or consider extending one of the following types with your repository: org.springframework.data.jpa.repository.JpaRepository
2025-11-24T17:27:38.852+09:00  INFO 87832 --- [lucas] [    Test worker] .s.d.r.c.RepositoryConfigurationDelegate : Finished Spring Data repository scanning in 20 ms. Found 4 JPA repository interfaces.
2025-11-24T17:27:39.106+09:00  INFO 87832 --- [lucas] [    Test worker] o.hibernate.jpa.internal.util.LogHelper  : HHH000204: Processing PersistenceUnitInfo [name: default]
2025-11-24T17:27:39.125+09:00  INFO 87832 --- [lucas] [    Test worker] org.hibernate.Version                    : HHH000412: Hibernate ORM core version 6.6.29.Final
2025-11-24T17:27:39.138+09:00  INFO 87832 --- [lucas] [    Test worker] o.h.c.internal.RegionFactoryInitiator    : HHH000026: Second-level cache disabled
2025-11-24T17:27:39.242+09:00  INFO 87832 --- [lucas] [    Test worker] o.s.o.j.p.SpringPersistenceUnitInfo      : No LoadTimeWeaver setup: ignoring JPA class transformer
2025-11-24T17:27:39.256+09:00  INFO 87832 --- [lucas] [    Test worker] com.zaxxer.hikari.HikariDataSource       : HikariPool-1 - Starting...
2025-11-24T17:27:39.414+09:00  INFO 87832 --- [lucas] [    Test worker] com.zaxxer.hikari.pool.HikariPool        : HikariPool-1 - Added connection com.mysql.cj.jdbc.ConnectionImpl@55665086
2025-11-24T17:27:39.415+09:00  INFO 87832 --- [lucas] [    Test worker] com.zaxxer.hikari.HikariDataSource       : HikariPool-1 - Start completed.
2025-11-24T17:27:39.454+09:00  INFO 87832 --- [lucas] [    Test worker] org.hibernate.orm.connections.pooling    : HHH10001005: Database info:
	Database JDBC URL [Connecting through datasource 'HikariDataSource (HikariPool-1)']
	Database driver: undefined/unknown
	Database version: 9.5
	Autocommit mode: undefined/unknown
	Isolation level: undefined/unknown
	Minimum pool size: undefined/unknown
	Maximum pool size: undefined/unknown
2025-11-24T17:27:39.862+09:00  INFO 87832 --- [lucas] [    Test worker] o.h.e.t.j.p.i.JtaPlatformInitiator       : HHH000489: No JTA platform available (set 'hibernate.transaction.jta.platform' to enable JTA platform integration)
2025-11-24T17:27:39.868+09:00 DEBUG 87832 --- [lucas] [    Test worker] org.hibernate.SQL                        : 
    ?[34malter?[0m ?[34mtable?[0m article 
       ?[34mdrop?[0m 
       ?[34mforeign?[0m ?[34mkey?[0m FK16flk3t94josfnyqu22xru6jd
2025-11-24T17:27:39.893+09:00 DEBUG 87832 --- [lucas] [    Test worker] org.hibernate.SQL                        : 
    ?[34malter?[0m ?[34mtable?[0m comment 
       ?[34mdrop?[0m 
       ?[34mforeign?[0m ?[34mkey?[0m FK5yx0uphgjc6ik6hb82kkw501y
2025-11-24T17:27:39.900+09:00 DEBUG 87832 --- [lucas] [    Test worker] org.hibernate.SQL                        : 
    ?[34malter?[0m ?[34mtable?[0m comment 
       ?[34mdrop?[0m 
       ?[34mforeign?[0m ?[34mkey?[0m FK8kcum44fvpupyw6f5baccx25c
2025-11-24T17:27:39.902+09:00 DEBUG 87832 --- [lucas] [    Test worker] org.hibernate.SQL                        : 
    ?[34malter?[0m ?[34mtable?[0m likes 
       ?[34mdrop?[0m 
       ?[34mforeign?[0m ?[34mkey?[0m FK1hlv6urq91y6fqfg6bds5gvp9
2025-11-24T17:27:39.906+09:00 DEBUG 87832 --- [lucas] [    Test worker] org.hibernate.SQL                        : 
    ?[34malter?[0m ?[34mtable?[0m likes 
       ?[34mdrop?[0m 
       ?[34mforeign?[0m ?[34mkey?[0m FKi2wo4dyk4rok7v4kak8sgkwx0
2025-11-24T17:27:39.909+09:00 DEBUG 87832 --- [lucas] [    Test worker] org.hibernate.SQL                        : 
    ?[34mdrop?[0m ?[34mtable?[0m ?[34mif?[0m ?[34mexists?[0m article
2025-11-24T17:27:39.913+09:00 DEBUG 87832 --- [lucas] [    Test worker] org.hibernate.SQL                        : 
    ?[34mdrop?[0m ?[34mtable?[0m ?[34mif?[0m ?[34mexists?[0m comment
2025-11-24T17:27:39.915+09:00 DEBUG 87832 --- [lucas] [    Test worker] org.hibernate.SQL                        : 
    ?[34mdrop?[0m ?[34mtable?[0m ?[34mif?[0m ?[34mexists?[0m likes
2025-11-24T17:27:39.916+09:00 DEBUG 87832 --- [lucas] [    Test worker] org.hibernate.SQL                        : 
    ?[34mdrop?[0m ?[34mtable?[0m ?[34mif?[0m ?[34mexists?[0m ?[34muser?[0m
2025-11-24T17:27:39.921+09:00 DEBUG 87832 --- [lucas] [    Test worker] org.hibernate.SQL                        : 
    ?[34mcreate?[0m ?[34mtable?[0m article (
        comment_count ?[34minteger?[0m,
        is_deleted bit,
        like_count ?[34minteger?[0m,
        view_count ?[34minteger?[0m,
        article_created_at datetime(6),
        article_edited_at datetime(6),
        id ?[34mbigint?[0m ?[34mnot?[0m ?[34mnull?[0m auto_increment,
        users_id ?[34mbigint?[0m,
        title ?[34mvarchar?[0m(255),
        content tinytext,
        ?[34mprimary?[0m ?[34mkey?[0m (id)
    ) engine=InnoDB
2025-11-24T17:27:39.924+09:00 DEBUG 87832 --- [lucas] [    Test worker] org.hibernate.SQL                        : 
    ?[34mcreate?[0m ?[34mtable?[0m comment (
        comment_is_delete bit,
        article_id ?[34mbigint?[0m ?[34mnot?[0m ?[34mnull?[0m,
        comment_created_at datetime(6) ?[34mnot?[0m ?[34mnull?[0m,
        comment_edited_at datetime(6),
        id ?[34mbigint?[0m ?[34mnot?[0m ?[34mnull?[0m auto_increment,
        user_id ?[34mbigint?[0m ?[34mnot?[0m ?[34mnull?[0m,
        content ?[34mvarchar?[0m(500) ?[34mnot?[0m ?[34mnull?[0m,
        ?[34mprimary?[0m ?[34mkey?[0m (id)
    ) engine=InnoDB
2025-11-24T17:27:39.927+09:00 DEBUG 87832 --- [lucas] [    Test worker] org.hibernate.SQL                        : 
    ?[34mcreate?[0m ?[34mtable?[0m likes (
        article_id ?[34mbigint?[0m ?[34mnot?[0m ?[34mnull?[0m,
        id ?[34mbigint?[0m ?[34mnot?[0m ?[34mnull?[0m auto_increment,
        liked_at datetime(6) ?[34mnot?[0m ?[34mnull?[0m,
        user_id ?[34mbigint?[0m ?[34mnot?[0m ?[34mnull?[0m,
        ?[34mprimary?[0m ?[34mkey?[0m (id)
    ) engine=InnoDB
2025-11-24T17:27:39.930+09:00 DEBUG 87832 --- [lucas] [    Test worker] org.hibernate.SQL                        : 
    ?[34mcreate?[0m ?[34mtable?[0m ?[34muser?[0m (
        is_delete bit,
        id ?[34mbigint?[0m ?[34mnot?[0m ?[34mnull?[0m auto_increment,
        user_created_at datetime(6),
        user_edited_at datetime(6),
        password ?[34mvarchar?[0m(60) ?[34mnot?[0m ?[34mnull?[0m,
        email ?[34mvarchar?[0m(255) ?[34mnot?[0m ?[34mnull?[0m,
        name VARBINARY(255) ?[34mnot?[0m ?[34mnull?[0m,
        profile_image ?[34mvarchar?[0m(255),
        authority enum (?[36m'ROLE_ADMIN'?[0m,?[36m'ROLE_USER'?[0m) ?[34mnot?[0m ?[34mnull?[0m,
        ?[34mprimary?[0m ?[34mkey?[0m (id)
    ) engine=InnoDB
2025-11-24T17:27:39.933+09:00 DEBUG 87832 --- [lucas] [    Test worker] org.hibernate.SQL                        : 
    ?[34malter?[0m ?[34mtable?[0m likes 
       ?[34madd?[0m ?[34mconstraint?[0m uk_likes_user_article ?[34munique?[0m (user_id, article_id)
2025-11-24T17:27:39.936+09:00 DEBUG 87832 --- [lucas] [    Test worker] org.hibernate.SQL                        : 
    ?[34malter?[0m ?[34mtable?[0m ?[34muser?[0m 
       ?[34madd?[0m ?[34mconstraint?[0m UKob8kqyqqgmefl0aco34akdtpe ?[34munique?[0m (email)
2025-11-24T17:27:39.939+09:00 DEBUG 87832 --- [lucas] [    Test worker] org.hibernate.SQL                        : 
    ?[34malter?[0m ?[34mtable?[0m article 
       ?[34madd?[0m ?[34mconstraint?[0m FK16flk3t94josfnyqu22xru6jd 
       ?[34mforeign?[0m ?[34mkey?[0m (users_id) 
       ?[34mreferences?[0m ?[34muser?[0m (id)
2025-11-24T17:27:39.947+09:00 DEBUG 87832 --- [lucas] [    Test worker] org.hibernate.SQL                        : 
    ?[34malter?[0m ?[34mtable?[0m comment 
       ?[34madd?[0m ?[34mconstraint?[0m FK5yx0uphgjc6ik6hb82kkw501y 
       ?[34mforeign?[0m ?[34mkey?[0m (article_id) 
       ?[34mreferences?[0m article (id)
2025-11-24T17:27:39.953+09:00 DEBUG 87832 --- [lucas] [    Test worker] org.hibernate.SQL                        : 
    ?[34malter?[0m ?[34mtable?[0m comment 
       ?[34madd?[0m ?[34mconstraint?[0m FK8kcum44fvpupyw6f5baccx25c 
       ?[34mforeign?[0m ?[34mkey?[0m (user_id) 
       ?[34mreferences?[0m ?[34muser?[0m (id)
2025-11-24T17:27:39.962+09:00 DEBUG 87832 --- [lucas] [    Test worker] org.hibernate.SQL                        : 
    ?[34malter?[0m ?[34mtable?[0m likes 
       ?[34madd?[0m ?[34mconstraint?[0m FK1hlv6urq91y6fqfg6bds5gvp9 
       ?[34mforeign?[0m ?[34mkey?[0m (article_id) 
       ?[34mreferences?[0m article (id)
2025-11-24T17:27:39.967+09:00 DEBUG 87832 --- [lucas] [    Test worker] org.hibernate.SQL                        : 
    ?[34malter?[0m ?[34mtable?[0m likes 
       ?[34madd?[0m ?[34mconstraint?[0m FKi2wo4dyk4rok7v4kak8sgkwx0 
       ?[34mforeign?[0m ?[34mkey?[0m (user_id) 
       ?[34mreferences?[0m ?[34muser?[0m (id)
2025-11-24T17:27:39.976+09:00  INFO 87832 --- [lucas] [    Test worker] j.LocalContainerEntityManagerFactoryBean : Initialized JPA EntityManagerFactory for persistence unit 'default'
2025-11-24T17:27:40.068+09:00  INFO 87832 --- [lucas] [    Test worker] o.s.d.j.r.query.QueryEnhancerFactory     : Hibernate is in classpath; If applicable, HQL parser will be used.
2025-11-24T17:27:40.742+09:00  INFO 87832 --- [lucas] [    Test worker] r$InitializeUserDetailsManagerConfigurer : Global AuthenticationManager configured with UserDetailsService bean with name customUserDetailsService
2025-11-24T17:27:40.966+09:00  INFO 87832 --- [lucas] [    Test worker] com.week4.lucas.LucasApplicationTests    : Started LucasApplicationTests in 2.732 seconds (process running for 3.303)
]]></system-out>
  <system-err><![CDATA[]]></system-err>
</testsuite>
