<?xml version="1.0" encoding="UTF-8"?>
<testsuite name="com.kdh.truedev.user.controller.ArticleControllerTest" tests="29" skipped="0" failures="0" errors="0" timestamp="2025-12-01T06:33:35.582Z" hostname="KimDongHyukui-MacBookPro.local" time="0.464">
  <properties/>
  <testcase name="게시글수정_인증없음_401()" classname="com.kdh.truedev.user.controller.ArticleControllerTest" time="0.301"/>
  <testcase name="게시글_삭제_200()" classname="com.kdh.truedev.user.controller.ArticleControllerTest" time="0.014"/>
  <testcase name="게시글_조회_200()" classname="com.kdh.truedev.user.controller.ArticleControllerTest" time="0.011"/>
  <testcase name="게시글_조회_404()" classname="com.kdh.truedev.user.controller.ArticleControllerTest" time="0.005"/>
  <testcase name="게시글_삭제_권한없음_403()" classname="com.kdh.truedev.user.controller.ArticleControllerTest" time="0.004"/>
  <testcase name="좋아요_인증없음_401()" classname="com.kdh.truedev.user.controller.ArticleControllerTest" time="0.004"/>
  <testcase name="게시글_삭제_IllegalArgument_400()" classname="com.kdh.truedev.user.controller.ArticleControllerTest" time="0.004"/>
  <testcase name="게시글_수정_유효성실패_404()" classname="com.kdh.truedev.user.controller.ArticleControllerTest" time="0.015"/>
  <testcase name="좋아요취소_성공_200()" classname="com.kdh.truedev.user.controller.ArticleControllerTest" time="0.005"/>
  <testcase name="좋아요_성공_200()" classname="com.kdh.truedev.user.controller.ArticleControllerTest" time="0.004"/>
  <testcase name="글작성_유효성실패_400()" classname="com.kdh.truedev.user.controller.ArticleControllerTest" time="0.006"/>
  <testcase name="글작성_인증실패_401()" classname="com.kdh.truedev.user.controller.ArticleControllerTest" time="0.004"/>
  <testcase name="좋아요취소_IllegalArgument_400()" classname="com.kdh.truedev.user.controller.ArticleControllerTest" time="0.003"/>
  <testcase name="내가_쓴_게시글_목록_조회_200()" classname="com.kdh.truedev.user.controller.ArticleControllerTest" time="0.01"/>
  <testcase name="내가_쓴_게시글_목록_조회_400()" classname="com.kdh.truedev.user.controller.ArticleControllerTest" time="0.004"/>
  <testcase name="글작성_이미지추가_201()" classname="com.kdh.truedev.user.controller.ArticleControllerTest" time="0.005"/>
  <testcase name="게시글_삭제_인증없음_401()" classname="com.kdh.truedev.user.controller.ArticleControllerTest" time="0.003"/>
  <testcase name="좋아요_IllegalArgument_400()" classname="com.kdh.truedev.user.controller.ArticleControllerTest" time="0.003"/>
  <testcase name="게시글_수정_권한없음_403()" classname="com.kdh.truedev.user.controller.ArticleControllerTest" time="0.004"/>
  <testcase name="게시글_수정_IllegalArgument_400()" classname="com.kdh.truedev.user.controller.ArticleControllerTest" time="0.004"/>
  <testcase name="게시글_수정_이미지있음_200()" classname="com.kdh.truedev.user.controller.ArticleControllerTest" time="0.004"/>
  <testcase name="게시글_수정_이미지없음_200()" classname="com.kdh.truedev.user.controller.ArticleControllerTest" time="0.004"/>
  <testcase name="좋아요취소_인증없음_401()" classname="com.kdh.truedev.user.controller.ArticleControllerTest" time="0.003"/>
  <testcase name="좋아요_중복_409()" classname="com.kdh.truedev.user.controller.ArticleControllerTest" time="0.003"/>
  <testcase name="게시글_삭제_실패_400()" classname="com.kdh.truedev.user.controller.ArticleControllerTest" time="0.002"/>
  <testcase name="좋아요취소_대상없음_404()" classname="com.kdh.truedev.user.controller.ArticleControllerTest" time="0.004"/>
  <testcase name="게시글_목록_조회_200()" classname="com.kdh.truedev.user.controller.ArticleControllerTest" time="0.004"/>
  <testcase name="게시글_목록_조회_400()" classname="com.kdh.truedev.user.controller.ArticleControllerTest" time="0.003"/>
  <testcase name="글작성_이미지없음_201()" classname="com.kdh.truedev.user.controller.ArticleControllerTest" time="0.004"/>
  <system-out><![CDATA[15:33:32.514 [Test worker] INFO org.springframework.test.context.support.AnnotationConfigContextLoaderUtils -- Could not detect default configuration classes for test class [com.kdh.truedev.user.controller.ArticleControllerTest]: ArticleControllerTest does not declare any static, non-private, non-final, nested classes annotated with @Configuration.
15:33:32.675 [Test worker] INFO org.springframework.boot.test.context.SpringBootTestContextBootstrapper -- Found @SpringBootConfiguration com.kdh.truedev.TrueDevApplication for test class com.kdh.truedev.user.controller.ArticleControllerTest

  .   ____          _            __ _ _
 /\\ / ___'_ __ _ _(_)_ __  __ _ \ \ \ \
( ( )\___ | '_ | '_| | '_ \/ _` | \ \ \ \
 \\/  ___)| |_)| | | | | || (_| |  ) ) ) )
  '  |____| .__|_| |_|_| |_\__, | / / / /
 =========|_|==============|___/=/_/_/_/

 :: Spring Boot ::                (v3.5.6)

2025-12-01T15:33:33.174+09:00  INFO 86502 --- [truedev] [    Test worker] c.k.t.u.c.ArticleControllerTest          : Starting ArticleControllerTest using Java 17.0.16 with PID 86502 (started by kimdonghyuk in /Users/kimdonghyuk/Downloads/lucas/KTB3-Lucas-Full/week4)
2025-12-01T15:33:33.175+09:00  INFO 86502 --- [truedev] [    Test worker] c.k.t.u.c.ArticleControllerTest          : The following 1 profile is active: "secret"
2025-12-01T15:33:35.393+09:00  WARN 86502 --- [truedev] [    Test worker] .s.s.UserDetailsServiceAutoConfiguration : 

Using generated security password: 59c12cb9-9a11-4f4a-bcd5-a116e5bb7a6c

This generated password is for development use only. Your security configuration must be updated before running your application in production.

2025-12-01T15:33:35.404+09:00  INFO 86502 --- [truedev] [    Test worker] r$InitializeUserDetailsManagerConfigurer : Global AuthenticationManager configured with UserDetailsService bean with name inMemoryUserDetailsManager
2025-12-01T15:33:35.542+09:00  INFO 86502 --- [truedev] [    Test worker] o.s.b.t.m.w.SpringBootMockServletContext : Initializing Spring TestDispatcherServlet ''
2025-12-01T15:33:35.543+09:00  INFO 86502 --- [truedev] [    Test worker] o.s.t.web.servlet.TestDispatcherServlet  : Initializing Servlet ''
2025-12-01T15:33:35.543+09:00  INFO 86502 --- [truedev] [    Test worker] o.s.t.web.servlet.TestDispatcherServlet  : Completed initialization in 0 ms
2025-12-01T15:33:35.575+09:00  INFO 86502 --- [truedev] [    Test worker] c.k.t.u.c.ArticleControllerTest          : Started ArticleControllerTest in 2.833 seconds (process running for 3.773)
2025-12-01T15:33:35.820+09:00  INFO 86502 --- [truedev] [    Test worker] c.kdh.truedev.config.LoggingInterceptor  : REQ PATCH /articles/10 user=null status=401 durationMs=177
2025-12-01T15:33:35.896+09:00  INFO 86502 --- [truedev] [    Test worker] c.kdh.truedev.config.LoggingInterceptor  : REQ DELETE /articles/10 user=null status=200 durationMs=5
2025-12-01T15:33:35.908+09:00  INFO 86502 --- [truedev] [    Test worker] c.kdh.truedev.config.LoggingInterceptor  : REQ GET /articles/1 user=null status=200 durationMs=6
2025-12-01T15:33:35.915+09:00  INFO 86502 --- [truedev] [    Test worker] c.kdh.truedev.config.LoggingInterceptor  : REQ GET /articles/99 user=null status=404 durationMs=1
2025-12-01T15:33:35.919+09:00  INFO 86502 --- [truedev] [    Test worker] c.kdh.truedev.config.LoggingInterceptor  : REQ DELETE /articles/10 user=null status=403 durationMs=1
2025-12-01T15:33:35.924+09:00  INFO 86502 --- [truedev] [    Test worker] c.kdh.truedev.config.LoggingInterceptor  : REQ POST /articles/5/likes user=null status=401 durationMs=1
2025-12-01T15:33:35.929+09:00  INFO 86502 --- [truedev] [    Test worker] c.kdh.truedev.config.LoggingInterceptor  : REQ DELETE /articles/10 user=null status=400 durationMs=1
2025-12-01T15:33:35.945+09:00  INFO 86502 --- [truedev] [    Test worker] c.kdh.truedev.config.LoggingInterceptor  : REQ PATCH /articles/10 user=null status=400 durationMs=12
2025-12-01T15:33:35.950+09:00  INFO 86502 --- [truedev] [    Test worker] c.kdh.truedev.config.LoggingInterceptor  : REQ DELETE /articles/5/likes user=null status=200 durationMs=1
2025-12-01T15:33:35.955+09:00  INFO 86502 --- [truedev] [    Test worker] c.kdh.truedev.config.LoggingInterceptor  : REQ POST /articles/5/likes user=null status=200 durationMs=1
2025-12-01T15:33:35.962+09:00  INFO 86502 --- [truedev] [    Test worker] c.kdh.truedev.config.LoggingInterceptor  : REQ POST /articles user=null status=400 durationMs=3
2025-12-01T15:33:35.967+09:00  INFO 86502 --- [truedev] [    Test worker] c.kdh.truedev.config.LoggingInterceptor  : REQ POST /articles user=null status=401 durationMs=1
2025-12-01T15:33:35.971+09:00  INFO 86502 --- [truedev] [    Test worker] c.kdh.truedev.config.LoggingInterceptor  : REQ DELETE /articles/5/likes user=null status=400 durationMs=1
2025-12-01T15:33:35.981+09:00  INFO 86502 --- [truedev] [    Test worker] c.kdh.truedev.config.LoggingInterceptor  : REQ GET /myArticles user=null status=200 durationMs=7
2025-12-01T15:33:35.986+09:00  INFO 86502 --- [truedev] [    Test worker] c.kdh.truedev.config.LoggingInterceptor  : REQ GET /myArticles user=null status=400 durationMs=0
2025-12-01T15:33:35.991+09:00  INFO 86502 --- [truedev] [    Test worker] c.kdh.truedev.config.LoggingInterceptor  : REQ POST /articles user=null status=201 durationMs=0
2025-12-01T15:33:35.996+09:00  INFO 86502 --- [truedev] [    Test worker] c.kdh.truedev.config.LoggingInterceptor  : REQ DELETE /articles/10 user=null status=401 durationMs=0
2025-12-01T15:33:36.000+09:00  INFO 86502 --- [truedev] [    Test worker] c.kdh.truedev.config.LoggingInterceptor  : REQ POST /articles/5/likes user=null status=400 durationMs=1
2025-12-01T15:33:36.004+09:00  INFO 86502 --- [truedev] [    Test worker] c.kdh.truedev.config.LoggingInterceptor  : REQ PATCH /articles/10 user=null status=403 durationMs=1
2025-12-01T15:33:36.009+09:00  INFO 86502 --- [truedev] [    Test worker] c.kdh.truedev.config.LoggingInterceptor  : REQ PATCH /articles/10 user=null status=400 durationMs=1
2025-12-01T15:33:36.014+09:00  INFO 86502 --- [truedev] [    Test worker] c.kdh.truedev.config.LoggingInterceptor  : REQ PATCH /articles/10 user=null status=200 durationMs=1
2025-12-01T15:33:36.019+09:00  INFO 86502 --- [truedev] [    Test worker] c.kdh.truedev.config.LoggingInterceptor  : REQ PATCH /articles/10 user=null status=200 durationMs=1
2025-12-01T15:33:36.023+09:00  INFO 86502 --- [truedev] [    Test worker] c.kdh.truedev.config.LoggingInterceptor  : REQ DELETE /articles/5/likes user=null status=401 durationMs=1
2025-12-01T15:33:36.026+09:00  INFO 86502 --- [truedev] [    Test worker] c.kdh.truedev.config.LoggingInterceptor  : REQ POST /articles/5/likes user=null status=409 durationMs=1
2025-12-01T15:33:36.029+09:00  INFO 86502 --- [truedev] [    Test worker] c.kdh.truedev.config.LoggingInterceptor  : REQ DELETE /articles/10 user=null status=400 durationMs=0
2025-12-01T15:33:36.033+09:00  INFO 86502 --- [truedev] [    Test worker] c.kdh.truedev.config.LoggingInterceptor  : REQ DELETE /articles/5/likes user=null status=404 durationMs=1
2025-12-01T15:33:36.037+09:00  INFO 86502 --- [truedev] [    Test worker] c.kdh.truedev.config.LoggingInterceptor  : REQ GET /articles user=null status=200 durationMs=1
2025-12-01T15:33:36.041+09:00  INFO 86502 --- [truedev] [    Test worker] c.kdh.truedev.config.LoggingInterceptor  : REQ GET /articles user=null status=400 durationMs=1
2025-12-01T15:33:36.045+09:00  INFO 86502 --- [truedev] [    Test worker] c.kdh.truedev.config.LoggingInterceptor  : REQ POST /articles user=null status=201 durationMs=1
]]></system-out>
  <system-err><![CDATA[]]></system-err>
</testsuite>
